<?xml version="1.0" encoding="UTF-8"?>
<TestRequest>
    <Message>Hello World!</Message>
</TestRequest>
