<testcase name="@test.name@" classname="@test.class@" time="@test.duration@"/>
