<?xml version="1.0" encoding="UTF-8"?>
<!--
  ~ Copyright the original author or authors.
  ~
  ~ Licensed under the Apache License, Version 2.0 (the "License");
  ~ you may not use this file except in compliance with the License.
  ~ You may obtain a copy of the License at
  ~
  ~     http://www.apache.org/licenses/LICENSE-2.0
  ~
  ~ Unless required by applicable law or agreed to in writing, software
  ~ distributed under the License is distributed on an "AS IS" BASIS,
  ~ WITHOUT WARRANTIES OR CONDITIONS OF ANY KIND, either express or implied.
  ~ See the License for the specific language governing permissions and
  ~ limitations under the License.
  -->

<spring:beans xmlns="http://www.citrusframework.org/schema/testcase"
              xmlns:jms="http://www.citrusframework.org/schema/jms/testcase"
              xmlns:http="http://www.citrusframework.org/schema/http/testcase"
              xmlns:ws="http://www.citrusframework.org/schema/ws/testcase"
              xmlns:spring="http://www.springframework.org/schema/beans" xmlns:xsi="http://www.w3.org/2001/XMLSchema-instance"
              xsi:schemaLocation="http://www.springframework.org/schema/beans http://www.springframework.org/schema/beans/spring-beans.xsd
                  http://www.citrusframework.org/schema/jms/testcase http://www.citrusframework.org/schema/jms/testcase/citrus-jms-testcase.xsd
                  http://www.citrusframework.org/schema/http/testcase http://www.citrusframework.org/schema/http/testcase/citrus-http-testcase.xsd
                  http://www.citrusframework.org/schema/ws/testcase http://www.citrusframework.org/schema/ws/testcase/citrus-ws-testcase.xsd
                  http://www.citrusframework.org/schema/testcase http://www.citrusframework.org/schema/testcase/citrus-testcase.xsd">

  <testcase name="@test.name@">
    <meta-info>
      <author>@test.author@</author>
      <creationdate>@test.creation.date@</creationdate>
      <status>DRAFT</status>
      <last-updated-by>@test.author@</last-updated-by>
      <last-updated-on>@test.update.datetime@</last-updated-on>
    </meta-info>

    <description>@test.description@</description>

    <actions>
@test.actions@
    </actions>
  </testcase>
</spring:beans>
