<TestHeader><operation>${operation}</operation></TestHeader>
