<TestHeader><operation>soapOperation</operation></TestHeader>
