<TestAttachment><Message>Hello World!</Message></TestAttachment>
