<TestAttachment><Message>${myText}</Message></TestAttachment>
